CRITICAL - 2025-11-19 09:45:14 --> CodeIgniter\View\Exceptions\ViewException: Invalid file: "layout_admin/layout.php"
[Method: GET, Route: service]
in SYSTEMPATH\Exceptions\FrameworkException.php on line 39.
 1 SYSTEMPATH\View\View.php(214): CodeIgniter\Exceptions\FrameworkException::forInvalidFile('layout_admin/layout.php')
 2 SYSTEMPATH\View\View.php(242): CodeIgniter\View\View->render('layout_admin/layout', [], true)
 3 SYSTEMPATH\Common.php(1167): CodeIgniter\View\View->render('layout_admin/service', [], true)
 4 APPPATH\Controllers\LayoutAdmin.php(14): view('layout_admin/service')
 5 SYSTEMPATH\CodeIgniter.php(933): App\Controllers\LayoutAdmin->service()
 6 SYSTEMPATH\CodeIgniter.php(507): CodeIgniter\CodeIgniter->runController(Object(App\Controllers\LayoutAdmin))
 7 SYSTEMPATH\CodeIgniter.php(354): CodeIgniter\CodeIgniter->handleRequest(null, Object(Config\Cache), false)
 8 SYSTEMPATH\Boot.php(363): CodeIgniter\CodeIgniter->run()
 9 SYSTEMPATH\Boot.php(68): CodeIgniter\Boot::runCodeIgniter(Object(CodeIgniter\CodeIgniter))
10 FCPATH\index.php(59): CodeIgniter\Boot::bootWeb(Object(Config\Paths))
11 SYSTEMPATH\rewrite.php(44): require_once('C:\\laragon\\www\\Project-Pweb2\\public\\index.php')
CRITICAL - 2025-11-19 10:00:41 --> ErrorException: Undefined variable $orders
[Method: GET, Route: service]
in APPPATH\Views\layout_admin\service.php on line 10.
 1 APPPATH\Views\layout_admin\service.php(10): CodeIgniter\Debug\Exceptions->errorHandler(2, 'Undefined variable $orders', 'C:\\laragon\\www\\Project-Pweb2\\app\\Views\\layout_admin\\service.php', 10)
 2 SYSTEMPATH\View\View.php(226): include('C:\\laragon\\www\\Project-Pweb2\\app\\Views\\layout_admin\\service.php')
 3 SYSTEMPATH\View\View.php(229): CodeIgniter\View\View->CodeIgniter\View\{closure}()
 4 SYSTEMPATH\Common.php(1167): CodeIgniter\View\View->render('layout_admin/service', [], true)
 5 APPPATH\Controllers\LayoutAdmin.php(14): view('layout_admin/service')
 6 SYSTEMPATH\CodeIgniter.php(933): App\Controllers\LayoutAdmin->service()
 7 SYSTEMPATH\CodeIgniter.php(507): CodeIgniter\CodeIgniter->runController(Object(App\Controllers\LayoutAdmin))
 8 SYSTEMPATH\CodeIgniter.php(354): CodeIgniter\CodeIgniter->handleRequest(null, Object(Config\Cache), false)
 9 SYSTEMPATH\Boot.php(363): CodeIgniter\CodeIgniter->run()
10 SYSTEMPATH\Boot.php(68): CodeIgniter\Boot::runCodeIgniter(Object(CodeIgniter\CodeIgniter))
11 FCPATH\index.php(59): CodeIgniter\Boot::bootWeb(Object(Config\Paths))
12 SYSTEMPATH\rewrite.php(44): require_once('C:\\laragon\\www\\Project-Pweb2\\public\\index.php')
