CRITICAL - 2025-11-17 18:30:08 --> CodeIgniter\View\Exceptions\ViewException: Invalid file: "layout_admin/main.php"
[Method: GET, Route: admin/profile_adm]
in SYSTEMPATH\Exceptions\FrameworkException.php on line 39.
 1 SYSTEMPATH\View\View.php(214): CodeIgniter\Exceptions\FrameworkException::forInvalidFile('layout_admin/main.php')
 2 SYSTEMPATH\View\View.php(242): CodeIgniter\View\View->render('layout_admin/main', [], true)
 3 SYSTEMPATH\Common.php(1167): CodeIgniter\View\View->render('admin/profile_adm', [], true)
 4 APPPATH\Controllers\LayoutAdmin.php(14): view('admin/profile_adm')
 5 SYSTEMPATH\CodeIgniter.php(933): App\Controllers\LayoutAdmin->profile()
 6 SYSTEMPATH\CodeIgniter.php(507): CodeIgniter\CodeIgniter->runController(Object(App\Controllers\LayoutAdmin))
 7 SYSTEMPATH\CodeIgniter.php(354): CodeIgniter\CodeIgniter->handleRequest(null, Object(Config\Cache), false)
 8 SYSTEMPATH\Boot.php(363): CodeIgniter\CodeIgniter->run()
 9 SYSTEMPATH\Boot.php(68): CodeIgniter\Boot::runCodeIgniter(Object(CodeIgniter\CodeIgniter))
10 FCPATH\index.php(59): CodeIgniter\Boot::bootWeb(Object(Config\Paths))
11 SYSTEMPATH\rewrite.php(44): require_once('C:\\xampp\\htdocs\\Project-Pweb2\\public\\index.php')
DEBUG - 2025-11-17 18:50:45 --> Session: Class initialized using 'CodeIgniter\Session\Handlers\FileHandler' driver.
CRITICAL - 2025-11-17 18:50:45 --> ErrorException: Undefined variable $admin
[Method: GET, Route: admin/profile_adm]
in APPPATH\Views\layout_admin\sidebar.php on line 167.
 1 APPPATH\Views\layout_admin\sidebar.php(167): CodeIgniter\Debug\Exceptions->errorHandler(2, 'Undefined variable $admin', 'C:\\xampp\\htdocs\\Project-Pweb2\\app\\Views\\layout_admin\\sidebar.php', 167)
 2 SYSTEMPATH\View\View.php(226): include('C:\\xampp\\htdocs\\Project-Pweb2\\app\\Views\\layout_admin\\sidebar.php')
 3 SYSTEMPATH\View\View.php(229): CodeIgniter\View\View->CodeIgniter\View\{closure}()
 4 SYSTEMPATH\View\View.php(242): CodeIgniter\View\View->render('layout_admin/sidebar', [], true)
 5 SYSTEMPATH\Common.php(1167): CodeIgniter\View\View->render('admin/profile_adm', [], true)
 6 APPPATH\Controllers\LayoutAdmin.php(14): view('admin/profile_adm')
 7 SYSTEMPATH\CodeIgniter.php(933): App\Controllers\LayoutAdmin->profile()
 8 SYSTEMPATH\CodeIgniter.php(507): CodeIgniter\CodeIgniter->runController(Object(App\Controllers\LayoutAdmin))
 9 SYSTEMPATH\CodeIgniter.php(354): CodeIgniter\CodeIgniter->handleRequest(null, Object(Config\Cache), false)
10 SYSTEMPATH\Boot.php(363): CodeIgniter\CodeIgniter->run()
11 SYSTEMPATH\Boot.php(68): CodeIgniter\Boot::runCodeIgniter(Object(CodeIgniter\CodeIgniter))
12 FCPATH\index.php(59): CodeIgniter\Boot::bootWeb(Object(Config\Paths))
13 SYSTEMPATH\rewrite.php(44): require_once('C:\\xampp\\htdocs\\Project-Pweb2\\public\\index.php')
CRITICAL - 2025-11-17 18:54:29 --> ErrorException: Undefined variable $admin
[Method: GET, Route: admin/profile_adm]
in APPPATH\Views\layout_admin\sidebar.php on line 170.
 1 APPPATH\Views\layout_admin\sidebar.php(170): CodeIgniter\Debug\Exceptions->errorHandler(2, 'Undefined variable $admin', 'C:\\xampp\\htdocs\\Project-Pweb2\\app\\Views\\layout_admin\\sidebar.php', 170)
 2 SYSTEMPATH\View\View.php(226): include('C:\\xampp\\htdocs\\Project-Pweb2\\app\\Views\\layout_admin\\sidebar.php')
 3 SYSTEMPATH\View\View.php(229): CodeIgniter\View\View->CodeIgniter\View\{closure}()
 4 SYSTEMPATH\View\View.php(242): CodeIgniter\View\View->render('layout_admin/sidebar', [], true)
 5 SYSTEMPATH\Common.php(1167): CodeIgniter\View\View->render('admin/profile_adm', [], true)
 6 APPPATH\Controllers\LayoutAdmin.php(14): view('admin/profile_adm')
 7 SYSTEMPATH\CodeIgniter.php(933): App\Controllers\LayoutAdmin->profile()
 8 SYSTEMPATH\CodeIgniter.php(507): CodeIgniter\CodeIgniter->runController(Object(App\Controllers\LayoutAdmin))
 9 SYSTEMPATH\CodeIgniter.php(354): CodeIgniter\CodeIgniter->handleRequest(null, Object(Config\Cache), false)
10 SYSTEMPATH\Boot.php(363): CodeIgniter\CodeIgniter->run()
11 SYSTEMPATH\Boot.php(68): CodeIgniter\Boot::runCodeIgniter(Object(CodeIgniter\CodeIgniter))
12 FCPATH\index.php(59): CodeIgniter\Boot::bootWeb(Object(Config\Paths))
13 SYSTEMPATH\rewrite.php(44): require_once('C:\\xampp\\htdocs\\Project-Pweb2\\public\\index.php')
CRITICAL - 2025-11-17 18:55:15 --> ErrorException: Undefined variable $admin
[Method: GET, Route: admin/profile_adm]
in APPPATH\Views\layout_admin\sidebar.php on line 174.
 1 APPPATH\Views\layout_admin\sidebar.php(174): CodeIgniter\Debug\Exceptions->errorHandler(2, 'Undefined variable $admin', 'C:\\xampp\\htdocs\\Project-Pweb2\\app\\Views\\layout_admin\\sidebar.php', 174)
 2 SYSTEMPATH\View\View.php(226): include('C:\\xampp\\htdocs\\Project-Pweb2\\app\\Views\\layout_admin\\sidebar.php')
 3 SYSTEMPATH\View\View.php(229): CodeIgniter\View\View->CodeIgniter\View\{closure}()
 4 SYSTEMPATH\View\View.php(242): CodeIgniter\View\View->render('layout_admin/sidebar', [], true)
 5 SYSTEMPATH\Common.php(1167): CodeIgniter\View\View->render('admin/profile_adm', [], true)
 6 APPPATH\Controllers\LayoutAdmin.php(14): view('admin/profile_adm')
 7 SYSTEMPATH\CodeIgniter.php(933): App\Controllers\LayoutAdmin->profile()
 8 SYSTEMPATH\CodeIgniter.php(507): CodeIgniter\CodeIgniter->runController(Object(App\Controllers\LayoutAdmin))
 9 SYSTEMPATH\CodeIgniter.php(354): CodeIgniter\CodeIgniter->handleRequest(null, Object(Config\Cache), false)
10 SYSTEMPATH\Boot.php(363): CodeIgniter\CodeIgniter->run()
11 SYSTEMPATH\Boot.php(68): CodeIgniter\Boot::runCodeIgniter(Object(CodeIgniter\CodeIgniter))
12 FCPATH\index.php(59): CodeIgniter\Boot::bootWeb(Object(Config\Paths))
13 SYSTEMPATH\rewrite.php(44): require_once('C:\\xampp\\htdocs\\Project-Pweb2\\public\\index.php')
CRITICAL - 2025-11-17 18:55:16 --> ErrorException: Undefined variable $admin
[Method: GET, Route: admin/profile_adm]
in APPPATH\Views\layout_admin\sidebar.php on line 174.
 1 APPPATH\Views\layout_admin\sidebar.php(174): CodeIgniter\Debug\Exceptions->errorHandler(2, 'Undefined variable $admin', 'C:\\xampp\\htdocs\\Project-Pweb2\\app\\Views\\layout_admin\\sidebar.php', 174)
 2 SYSTEMPATH\View\View.php(226): include('C:\\xampp\\htdocs\\Project-Pweb2\\app\\Views\\layout_admin\\sidebar.php')
 3 SYSTEMPATH\View\View.php(229): CodeIgniter\View\View->CodeIgniter\View\{closure}()
 4 SYSTEMPATH\View\View.php(242): CodeIgniter\View\View->render('layout_admin/sidebar', [], true)
 5 SYSTEMPATH\Common.php(1167): CodeIgniter\View\View->render('admin/profile_adm', [], true)
 6 APPPATH\Controllers\LayoutAdmin.php(14): view('admin/profile_adm')
 7 SYSTEMPATH\CodeIgniter.php(933): App\Controllers\LayoutAdmin->profile()
 8 SYSTEMPATH\CodeIgniter.php(507): CodeIgniter\CodeIgniter->runController(Object(App\Controllers\LayoutAdmin))
 9 SYSTEMPATH\CodeIgniter.php(354): CodeIgniter\CodeIgniter->handleRequest(null, Object(Config\Cache), false)
10 SYSTEMPATH\Boot.php(363): CodeIgniter\CodeIgniter->run()
11 SYSTEMPATH\Boot.php(68): CodeIgniter\Boot::runCodeIgniter(Object(CodeIgniter\CodeIgniter))
12 FCPATH\index.php(59): CodeIgniter\Boot::bootWeb(Object(Config\Paths))
13 SYSTEMPATH\rewrite.php(44): require_once('C:\\xampp\\htdocs\\Project-Pweb2\\public\\index.php')
CRITICAL - 2025-11-17 18:55:17 --> ErrorException: Undefined variable $admin
[Method: GET, Route: admin/profile_adm]
in APPPATH\Views\layout_admin\sidebar.php on line 174.
 1 APPPATH\Views\layout_admin\sidebar.php(174): CodeIgniter\Debug\Exceptions->errorHandler(2, 'Undefined variable $admin', 'C:\\xampp\\htdocs\\Project-Pweb2\\app\\Views\\layout_admin\\sidebar.php', 174)
 2 SYSTEMPATH\View\View.php(226): include('C:\\xampp\\htdocs\\Project-Pweb2\\app\\Views\\layout_admin\\sidebar.php')
 3 SYSTEMPATH\View\View.php(229): CodeIgniter\View\View->CodeIgniter\View\{closure}()
 4 SYSTEMPATH\View\View.php(242): CodeIgniter\View\View->render('layout_admin/sidebar', [], true)
 5 SYSTEMPATH\Common.php(1167): CodeIgniter\View\View->render('admin/profile_adm', [], true)
 6 APPPATH\Controllers\LayoutAdmin.php(14): view('admin/profile_adm')
 7 SYSTEMPATH\CodeIgniter.php(933): App\Controllers\LayoutAdmin->profile()
 8 SYSTEMPATH\CodeIgniter.php(507): CodeIgniter\CodeIgniter->runController(Object(App\Controllers\LayoutAdmin))
 9 SYSTEMPATH\CodeIgniter.php(354): CodeIgniter\CodeIgniter->handleRequest(null, Object(Config\Cache), false)
10 SYSTEMPATH\Boot.php(363): CodeIgniter\CodeIgniter->run()
11 SYSTEMPATH\Boot.php(68): CodeIgniter\Boot::runCodeIgniter(Object(CodeIgniter\CodeIgniter))
12 FCPATH\index.php(59): CodeIgniter\Boot::bootWeb(Object(Config\Paths))
13 SYSTEMPATH\rewrite.php(44): require_once('C:\\xampp\\htdocs\\Project-Pweb2\\public\\index.php')
CRITICAL - 2025-11-17 18:55:17 --> ErrorException: Undefined variable $admin
[Method: GET, Route: admin/profile_adm]
in APPPATH\Views\layout_admin\sidebar.php on line 174.
 1 APPPATH\Views\layout_admin\sidebar.php(174): CodeIgniter\Debug\Exceptions->errorHandler(2, 'Undefined variable $admin', 'C:\\xampp\\htdocs\\Project-Pweb2\\app\\Views\\layout_admin\\sidebar.php', 174)
 2 SYSTEMPATH\View\View.php(226): include('C:\\xampp\\htdocs\\Project-Pweb2\\app\\Views\\layout_admin\\sidebar.php')
 3 SYSTEMPATH\View\View.php(229): CodeIgniter\View\View->CodeIgniter\View\{closure}()
 4 SYSTEMPATH\View\View.php(242): CodeIgniter\View\View->render('layout_admin/sidebar', [], true)
 5 SYSTEMPATH\Common.php(1167): CodeIgniter\View\View->render('admin/profile_adm', [], true)
 6 APPPATH\Controllers\LayoutAdmin.php(14): view('admin/profile_adm')
 7 SYSTEMPATH\CodeIgniter.php(933): App\Controllers\LayoutAdmin->profile()
 8 SYSTEMPATH\CodeIgniter.php(507): CodeIgniter\CodeIgniter->runController(Object(App\Controllers\LayoutAdmin))
 9 SYSTEMPATH\CodeIgniter.php(354): CodeIgniter\CodeIgniter->handleRequest(null, Object(Config\Cache), false)
10 SYSTEMPATH\Boot.php(363): CodeIgniter\CodeIgniter->run()
11 SYSTEMPATH\Boot.php(68): CodeIgniter\Boot::runCodeIgniter(Object(CodeIgniter\CodeIgniter))
12 FCPATH\index.php(59): CodeIgniter\Boot::bootWeb(Object(Config\Paths))
13 SYSTEMPATH\rewrite.php(44): require_once('C:\\xampp\\htdocs\\Project-Pweb2\\public\\index.php')
CRITICAL - 2025-11-17 18:55:17 --> ErrorException: Undefined variable $admin
[Method: GET, Route: admin/profile_adm]
in APPPATH\Views\layout_admin\sidebar.php on line 174.
 1 APPPATH\Views\layout_admin\sidebar.php(174): CodeIgniter\Debug\Exceptions->errorHandler(2, 'Undefined variable $admin', 'C:\\xampp\\htdocs\\Project-Pweb2\\app\\Views\\layout_admin\\sidebar.php', 174)
 2 SYSTEMPATH\View\View.php(226): include('C:\\xampp\\htdocs\\Project-Pweb2\\app\\Views\\layout_admin\\sidebar.php')
 3 SYSTEMPATH\View\View.php(229): CodeIgniter\View\View->CodeIgniter\View\{closure}()
 4 SYSTEMPATH\View\View.php(242): CodeIgniter\View\View->render('layout_admin/sidebar', [], true)
 5 SYSTEMPATH\Common.php(1167): CodeIgniter\View\View->render('admin/profile_adm', [], true)
 6 APPPATH\Controllers\LayoutAdmin.php(14): view('admin/profile_adm')
 7 SYSTEMPATH\CodeIgniter.php(933): App\Controllers\LayoutAdmin->profile()
 8 SYSTEMPATH\CodeIgniter.php(507): CodeIgniter\CodeIgniter->runController(Object(App\Controllers\LayoutAdmin))
 9 SYSTEMPATH\CodeIgniter.php(354): CodeIgniter\CodeIgniter->handleRequest(null, Object(Config\Cache), false)
10 SYSTEMPATH\Boot.php(363): CodeIgniter\CodeIgniter->run()
11 SYSTEMPATH\Boot.php(68): CodeIgniter\Boot::runCodeIgniter(Object(CodeIgniter\CodeIgniter))
12 FCPATH\index.php(59): CodeIgniter\Boot::bootWeb(Object(Config\Paths))
13 SYSTEMPATH\rewrite.php(44): require_once('C:\\xampp\\htdocs\\Project-Pweb2\\public\\index.php')
CRITICAL - 2025-11-17 18:55:17 --> ErrorException: Undefined variable $admin
[Method: GET, Route: admin/profile_adm]
in APPPATH\Views\layout_admin\sidebar.php on line 174.
 1 APPPATH\Views\layout_admin\sidebar.php(174): CodeIgniter\Debug\Exceptions->errorHandler(2, 'Undefined variable $admin', 'C:\\xampp\\htdocs\\Project-Pweb2\\app\\Views\\layout_admin\\sidebar.php', 174)
 2 SYSTEMPATH\View\View.php(226): include('C:\\xampp\\htdocs\\Project-Pweb2\\app\\Views\\layout_admin\\sidebar.php')
 3 SYSTEMPATH\View\View.php(229): CodeIgniter\View\View->CodeIgniter\View\{closure}()
 4 SYSTEMPATH\View\View.php(242): CodeIgniter\View\View->render('layout_admin/sidebar', [], true)
 5 SYSTEMPATH\Common.php(1167): CodeIgniter\View\View->render('admin/profile_adm', [], true)
 6 APPPATH\Controllers\LayoutAdmin.php(14): view('admin/profile_adm')
 7 SYSTEMPATH\CodeIgniter.php(933): App\Controllers\LayoutAdmin->profile()
 8 SYSTEMPATH\CodeIgniter.php(507): CodeIgniter\CodeIgniter->runController(Object(App\Controllers\LayoutAdmin))
 9 SYSTEMPATH\CodeIgniter.php(354): CodeIgniter\CodeIgniter->handleRequest(null, Object(Config\Cache), false)
10 SYSTEMPATH\Boot.php(363): CodeIgniter\CodeIgniter->run()
11 SYSTEMPATH\Boot.php(68): CodeIgniter\Boot::runCodeIgniter(Object(CodeIgniter\CodeIgniter))
12 FCPATH\index.php(59): CodeIgniter\Boot::bootWeb(Object(Config\Paths))
13 SYSTEMPATH\rewrite.php(44): require_once('C:\\xampp\\htdocs\\Project-Pweb2\\public\\index.php')
CRITICAL - 2025-11-17 18:55:28 --> ErrorException: Undefined variable $admin
[Method: GET, Route: admin/profile_adm]
in APPPATH\Views\layout_admin\sidebar.php on line 176.
 1 APPPATH\Views\layout_admin\sidebar.php(176): CodeIgniter\Debug\Exceptions->errorHandler(2, 'Undefined variable $admin', 'C:\\xampp\\htdocs\\Project-Pweb2\\app\\Views\\layout_admin\\sidebar.php', 176)
 2 SYSTEMPATH\View\View.php(226): include('C:\\xampp\\htdocs\\Project-Pweb2\\app\\Views\\layout_admin\\sidebar.php')
 3 SYSTEMPATH\View\View.php(229): CodeIgniter\View\View->CodeIgniter\View\{closure}()
 4 SYSTEMPATH\View\View.php(242): CodeIgniter\View\View->render('layout_admin/sidebar', [], true)
 5 SYSTEMPATH\Common.php(1167): CodeIgniter\View\View->render('admin/profile_adm', [], true)
 6 APPPATH\Controllers\LayoutAdmin.php(14): view('admin/profile_adm')
 7 SYSTEMPATH\CodeIgniter.php(933): App\Controllers\LayoutAdmin->profile()
 8 SYSTEMPATH\CodeIgniter.php(507): CodeIgniter\CodeIgniter->runController(Object(App\Controllers\LayoutAdmin))
 9 SYSTEMPATH\CodeIgniter.php(354): CodeIgniter\CodeIgniter->handleRequest(null, Object(Config\Cache), false)
10 SYSTEMPATH\Boot.php(363): CodeIgniter\CodeIgniter->run()
11 SYSTEMPATH\Boot.php(68): CodeIgniter\Boot::runCodeIgniter(Object(CodeIgniter\CodeIgniter))
12 FCPATH\index.php(59): CodeIgniter\Boot::bootWeb(Object(Config\Paths))
13 SYSTEMPATH\rewrite.php(44): require_once('C:\\xampp\\htdocs\\Project-Pweb2\\public\\index.php')
CRITICAL - 2025-11-17 18:55:43 --> ErrorException: Undefined variable $skills
[Method: GET, Route: admin/profile_adm]
in APPPATH\Views\layout_admin\sidebar.php on line 180.
 1 APPPATH\Views\layout_admin\sidebar.php(180): CodeIgniter\Debug\Exceptions->errorHandler(2, 'Undefined variable $skills', 'C:\\xampp\\htdocs\\Project-Pweb2\\app\\Views\\layout_admin\\sidebar.php', 180)
 2 SYSTEMPATH\View\View.php(226): include('C:\\xampp\\htdocs\\Project-Pweb2\\app\\Views\\layout_admin\\sidebar.php')
 3 SYSTEMPATH\View\View.php(229): CodeIgniter\View\View->CodeIgniter\View\{closure}()
 4 SYSTEMPATH\View\View.php(242): CodeIgniter\View\View->render('layout_admin/sidebar', [], true)
 5 SYSTEMPATH\Common.php(1167): CodeIgniter\View\View->render('admin/profile_adm', [], true)
 6 APPPATH\Controllers\LayoutAdmin.php(14): view('admin/profile_adm')
 7 SYSTEMPATH\CodeIgniter.php(933): App\Controllers\LayoutAdmin->profile()
 8 SYSTEMPATH\CodeIgniter.php(507): CodeIgniter\CodeIgniter->runController(Object(App\Controllers\LayoutAdmin))
 9 SYSTEMPATH\CodeIgniter.php(354): CodeIgniter\CodeIgniter->handleRequest(null, Object(Config\Cache), false)
10 SYSTEMPATH\Boot.php(363): CodeIgniter\CodeIgniter->run()
11 SYSTEMPATH\Boot.php(68): CodeIgniter\Boot::runCodeIgniter(Object(CodeIgniter\CodeIgniter))
12 FCPATH\index.php(59): CodeIgniter\Boot::bootWeb(Object(Config\Paths))
13 SYSTEMPATH\rewrite.php(44): require_once('C:\\xampp\\htdocs\\Project-Pweb2\\public\\index.php')
